<?xml version="1.0" encoding="UTF-8"?>
<testng-results ignored="0" total="2" passed="2" failed="0" skipped="0">
  <reporter-output>
  </reporter-output>
  <suite started-at="2020-03-13T20:57:42 IST" name="Default suite" finished-at="2020-03-13T20:59:46 IST" duration-ms="123340">
    <groups>
    </groups>
    <test started-at="2020-03-13T20:57:42 IST" name="Default test" finished-at="2020-03-13T20:59:46 IST" duration-ms="123340">
      <class name="Test_Cases.Demo_Sauce_testng">
        <test-method is-config="true" signature="beforeMethod()[pri:0, instance:Test_Cases.Demo_Sauce_testng@3901d134]" started-at="2020-03-13T20:57:42 IST" name="beforeMethod" finished-at="2020-03-13T20:57:43 IST" duration-ms="748" status="PASS">
          <reporter-output>
          </reporter-output>
        </test-method> <!-- beforeMethod -->
        <test-method signature="Logindata(java.lang.String, java.lang.String)[pri:0, instance:Test_Cases.Demo_Sauce_testng@3901d134]" started-at="2020-03-13T20:57:43 IST" name="Logindata" data-provider="logindata" finished-at="2020-03-13T20:58:03 IST" duration-ms="19379" status="PASS">
          <params>
            <param index="0">
              <value>
                <![CDATA[standard_user]]>
              </value>
            </param>
            <param index="1">
              <value>
                <![CDATA[secret_sauce]]>
              </value>
            </param>
          </params>
          <reporter-output>
          </reporter-output>
        </test-method> <!-- Logindata -->
        <test-method is-config="true" signature="hd()[pri:0, instance:Test_Cases.Demo_Sauce_testng@3901d134]" started-at="2020-03-13T20:58:03 IST" name="hd" finished-at="2020-03-13T20:58:42 IST" duration-ms="39014" status="PASS">
          <reporter-output>
          </reporter-output>
        </test-method> <!-- hd -->
        <test-method signature="Logindata(java.lang.String, java.lang.String)[pri:0, instance:Test_Cases.Demo_Sauce_testng@3901d134]" started-at="2020-03-13T20:58:42 IST" name="Logindata" data-provider="logindata" finished-at="2020-03-13T20:59:29 IST" duration-ms="47689" status="PASS">
          <params>
            <param index="0">
              <value>
                <![CDATA[performance_glitch_user]]>
              </value>
            </param>
            <param index="1">
              <value>
                <![CDATA[secret_sauce]]>
              </value>
            </param>
          </params>
          <reporter-output>
          </reporter-output>
        </test-method> <!-- Logindata -->
        <test-method is-config="true" signature="hd()[pri:0, instance:Test_Cases.Demo_Sauce_testng@3901d134]" started-at="2020-03-13T20:59:29 IST" name="hd" finished-at="2020-03-13T20:59:46 IST" duration-ms="16426" status="PASS">
          <reporter-output>
          </reporter-output>
        </test-method> <!-- hd -->
      </class> <!-- Test_Cases.Demo_Sauce_testng -->
    </test> <!-- Default test -->
  </suite> <!-- Default suite -->
</testng-results>
